<?xml version="1.0" encoding="UTF-8"?>
<!-- Generated by org.testng.reporters.JUnitReportReporter -->
<testsuite hostname="CHINAMI-C4DUIFB" name="com.test.demo.ZTJGTest" tests="4" failures="0" timestamp="25 Nov 2024 00:43:38 GMT" time="1.999" errors="0">
  <testcase name="queryWinningBidProjectTest" time="0.648" classname="com.test.demo.ZTJGTest"/>
  <testcase name="queryWinningBidProjectTest" time="0.450" classname="com.test.demo.ZTJGTest"/>
  <testcase name="queryWinningBidProjectTest" time="0.436" classname="com.test.demo.ZTJGTest"/>
  <testcase name="queryWinningBidProjectTest" time="0.465" classname="com.test.demo.ZTJGTest"/>
</testsuite> <!-- com.test.demo.ZTJGTest -->
